Analysis & Synthesis report for synthesis
Sun May 03 23:23:54 2020
Quartus Prime Version 18.1.0 Build 625 09/12/2018 SJ Lite Edition


---------------------
; Table of Contents ;
---------------------
  1. Legal Notice
  2. Analysis & Synthesis Summary
  3. Analysis & Synthesis Settings
  4. Parallel Compilation
  5. Analysis & Synthesis Source Files Read
  6. Analysis & Synthesis Resource Usage Summary
  7. Analysis & Synthesis Resource Utilization by Entity
  8. Registers Removed During Synthesis
  9. General Register Statistics
 10. Multiplexer Restructuring Statistics (Restructuring Performed)
 11. Parameter Settings for User Entity Instance: datapath:dp|flopr:pcreg
 12. Parameter Settings for User Entity Instance: datapath:dp|mux2:pcbrmux
 13. Parameter Settings for User Entity Instance: datapath:dp|mux2:pcmux
 14. Parameter Settings for User Entity Instance: datapath:dp|mux2:wrmux
 15. Parameter Settings for User Entity Instance: datapath:dp|mux2:resmux
 16. Parameter Settings for User Entity Instance: datapath:dp|mux2:srcbmux
 17. Port Connectivity Checks: "datapath:dp|mux2:pcmux"
 18. Port Connectivity Checks: "datapath:dp|adder:pcadd1"
 19. Post-Synthesis Netlist Statistics for Top Partition
 20. Elapsed Time Per Partition
 21. Analysis & Synthesis Messages



----------------
; Legal Notice ;
----------------
Copyright (C) 2018  Intel Corporation. All rights reserved.
Your use of Intel Corporation's design tools, logic functions 
and other software and tools, and its AMPP partner logic 
functions, and any output files from any of the foregoing 
(including device programming or simulation files), and any 
associated documentation or information are expressly subject 
to the terms and conditions of the Intel Program License 
Subscription Agreement, the Intel Quartus Prime License Agreement,
the Intel FPGA IP License Agreement, or other applicable license
agreement, including, without limitation, that your use is for
the sole purpose of programming logic devices manufactured by
Intel and sold by Intel or its authorized distributors.  Please
refer to the applicable agreement for further details.



+----------------------------------------------------------------------------------+
; Analysis & Synthesis Summary                                                     ;
+------------------------------------+---------------------------------------------+
; Analysis & Synthesis Status        ; Successful - Sun May 03 23:23:54 2020       ;
; Quartus Prime Version              ; 18.1.0 Build 625 09/12/2018 SJ Lite Edition ;
; Revision Name                      ; synthesis                                   ;
; Top-level Entity Name              ; hw                                          ;
; Family                             ; Cyclone IV E                                ;
; Total logic elements               ; 2,705                                       ;
;     Total combinational functions  ; 1,713                                       ;
;     Dedicated logic registers      ; 1,054                                       ;
; Total registers                    ; 1054                                        ;
; Total pins                         ; 163                                         ;
; Total virtual pins                 ; 0                                           ;
; Total memory bits                  ; 0                                           ;
; Embedded Multiplier 9-bit elements ; 0                                           ;
; Total PLLs                         ; 0                                           ;
+------------------------------------+---------------------------------------------+


+------------------------------------------------------------------------------------------------------------+
; Analysis & Synthesis Settings                                                                              ;
+------------------------------------------------------------------+--------------------+--------------------+
; Option                                                           ; Setting            ; Default Value      ;
+------------------------------------------------------------------+--------------------+--------------------+
; Device                                                           ; EP4CE22F17C6       ;                    ;
; Top-level entity name                                            ; hw                 ; synthesis          ;
; Family name                                                      ; Cyclone IV E       ; Cyclone V          ;
; Use smart compilation                                            ; Off                ; Off                ;
; Enable parallel Assembler and Timing Analyzer during compilation ; On                 ; On                 ;
; Enable compact report table                                      ; Off                ; Off                ;
; Restructure Multiplexers                                         ; Auto               ; Auto               ;
; Create Debugging Nodes for IP Cores                              ; Off                ; Off                ;
; Preserve fewer node names                                        ; On                 ; On                 ;
; Intel FPGA IP Evaluation Mode                                    ; Enable             ; Enable             ;
; Verilog Version                                                  ; Verilog_2001       ; Verilog_2001       ;
; VHDL Version                                                     ; VHDL_1993          ; VHDL_1993          ;
; State Machine Processing                                         ; Auto               ; Auto               ;
; Safe State Machine                                               ; Off                ; Off                ;
; Extract Verilog State Machines                                   ; On                 ; On                 ;
; Extract VHDL State Machines                                      ; On                 ; On                 ;
; Ignore Verilog initial constructs                                ; Off                ; Off                ;
; Iteration limit for constant Verilog loops                       ; 5000               ; 5000               ;
; Iteration limit for non-constant Verilog loops                   ; 250                ; 250                ;
; Add Pass-Through Logic to Inferred RAMs                          ; On                 ; On                 ;
; Infer RAMs from Raw Logic                                        ; On                 ; On                 ;
; Parallel Synthesis                                               ; On                 ; On                 ;
; DSP Block Balancing                                              ; Auto               ; Auto               ;
; NOT Gate Push-Back                                               ; On                 ; On                 ;
; Power-Up Don't Care                                              ; On                 ; On                 ;
; Remove Redundant Logic Cells                                     ; Off                ; Off                ;
; Remove Duplicate Registers                                       ; On                 ; On                 ;
; Ignore CARRY Buffers                                             ; Off                ; Off                ;
; Ignore CASCADE Buffers                                           ; Off                ; Off                ;
; Ignore GLOBAL Buffers                                            ; Off                ; Off                ;
; Ignore ROW GLOBAL Buffers                                        ; Off                ; Off                ;
; Ignore LCELL Buffers                                             ; Off                ; Off                ;
; Ignore SOFT Buffers                                              ; On                 ; On                 ;
; Limit AHDL Integers to 32 Bits                                   ; Off                ; Off                ;
; Optimization Technique                                           ; Balanced           ; Balanced           ;
; Carry Chain Length                                               ; 70                 ; 70                 ;
; Auto Carry Chains                                                ; On                 ; On                 ;
; Auto Open-Drain Pins                                             ; On                 ; On                 ;
; Perform WYSIWYG Primitive Resynthesis                            ; Off                ; Off                ;
; Auto ROM Replacement                                             ; On                 ; On                 ;
; Auto RAM Replacement                                             ; On                 ; On                 ;
; Auto DSP Block Replacement                                       ; On                 ; On                 ;
; Auto Shift Register Replacement                                  ; Auto               ; Auto               ;
; Allow Shift Register Merging across Hierarchies                  ; Auto               ; Auto               ;
; Auto Clock Enable Replacement                                    ; On                 ; On                 ;
; Strict RAM Replacement                                           ; Off                ; Off                ;
; Allow Synchronous Control Signals                                ; On                 ; On                 ;
; Force Use of Synchronous Clear Signals                           ; Off                ; Off                ;
; Auto RAM Block Balancing                                         ; On                 ; On                 ;
; Auto RAM to Logic Cell Conversion                                ; Off                ; Off                ;
; Auto Resource Sharing                                            ; Off                ; Off                ;
; Allow Any RAM Size For Recognition                               ; Off                ; Off                ;
; Allow Any ROM Size For Recognition                               ; Off                ; Off                ;
; Allow Any Shift Register Size For Recognition                    ; Off                ; Off                ;
; Use LogicLock Constraints during Resource Balancing              ; On                 ; On                 ;
; Ignore translate_off and synthesis_off directives                ; Off                ; Off                ;
; Timing-Driven Synthesis                                          ; On                 ; On                 ;
; Report Parameter Settings                                        ; On                 ; On                 ;
; Report Source Assignments                                        ; On                 ; On                 ;
; Report Connectivity Checks                                       ; On                 ; On                 ;
; Ignore Maximum Fan-Out Assignments                               ; Off                ; Off                ;
; Synchronization Register Chain Length                            ; 2                  ; 2                  ;
; Power Optimization During Synthesis                              ; Normal compilation ; Normal compilation ;
; HDL message level                                                ; Level2             ; Level2             ;
; Suppress Register Optimization Related Messages                  ; Off                ; Off                ;
; Number of Removed Registers Reported in Synthesis Report         ; 5000               ; 5000               ;
; Number of Swept Nodes Reported in Synthesis Report               ; 5000               ; 5000               ;
; Number of Inverted Registers Reported in Synthesis Report        ; 100                ; 100                ;
; Clock MUX Protection                                             ; On                 ; On                 ;
; Auto Gated Clock Conversion                                      ; Off                ; Off                ;
; Block Design Naming                                              ; Auto               ; Auto               ;
; SDC constraint protection                                        ; Off                ; Off                ;
; Synthesis Effort                                                 ; Auto               ; Auto               ;
; Shift Register Replacement - Allow Asynchronous Clear Signal     ; On                 ; On                 ;
; Pre-Mapping Resynthesis Optimization                             ; Off                ; Off                ;
; Analysis & Synthesis Message Level                               ; Medium             ; Medium             ;
; Disable Register Merging Across Hierarchies                      ; Auto               ; Auto               ;
; Resource Aware Inference For Block RAM                           ; On                 ; On                 ;
+------------------------------------------------------------------+--------------------+--------------------+


+------------------------------------------+
; Parallel Compilation                     ;
+----------------------------+-------------+
; Processors                 ; Number      ;
+----------------------------+-------------+
; Number detected on machine ; 4           ;
; Maximum allowed            ; 2           ;
;                            ;             ;
; Average used               ; 1.00        ;
; Maximum used               ; 2           ;
;                            ;             ;
; Usage by Processor         ; % Time Used ;
;     Processor 1            ; 100.0%      ;
;     Processor 2            ;   0.1%      ;
+----------------------------+-------------+


+------------------------------------------------------------------------------------------------------------------------------------+
; Analysis & Synthesis Source Files Read                                                                                             ;
+----------------------------------+-----------------+------------------------------+--------------------------------------+---------+
; File Name with User-Entered Path ; Used in Netlist ; File Type                    ; File Name with Absolute Path         ; Library ;
+----------------------------------+-----------------+------------------------------+--------------------------------------+---------+
; modelsim/hw.sv                   ; yes             ; User SystemVerilog HDL File  ; C:/DDCA/ch4/synthesis/modelsim/hw.sv ;         ;
; memfile.dat                      ; yes             ; Auto-Generated Megafunction  ; memfile.dat                          ;         ;
+----------------------------------+-----------------+------------------------------+--------------------------------------+---------+


+---------------------------------------------------------+
; Analysis & Synthesis Resource Usage Summary             ;
+---------------------------------------------+-----------+
; Resource                                    ; Usage     ;
+---------------------------------------------+-----------+
; Estimated Total logic elements              ; 2,705     ;
;                                             ;           ;
; Total combinational functions               ; 1713      ;
; Logic element usage by number of LUT inputs ;           ;
;     -- 4 input functions                    ; 1482      ;
;     -- 3 input functions                    ; 164       ;
;     -- <=2 input functions                  ; 67        ;
;                                             ;           ;
; Logic elements by mode                      ;           ;
;     -- normal mode                          ; 1623      ;
;     -- arithmetic mode                      ; 90        ;
;                                             ;           ;
; Total registers                             ; 1054      ;
;     -- Dedicated logic registers            ; 1054      ;
;     -- I/O registers                        ; 0         ;
;                                             ;           ;
; I/O pins                                    ; 163       ;
;                                             ;           ;
; Embedded Multiplier 9-bit elements          ; 0         ;
;                                             ;           ;
; Maximum fan-out node                        ; clk~input ;
; Maximum fan-out                             ; 1054      ;
; Total fan-out                               ; 10025     ;
; Average fan-out                             ; 3.24      ;
+---------------------------------------------+-----------+


+-------------------------------------------------------------------------------------------------------------------------------------------------------------------------------------------------------------------+
; Analysis & Synthesis Resource Utilization by Entity                                                                                                                                                               ;
+----------------------------+---------------------+---------------------------+-------------+--------------+---------+-----------+------+--------------+------------------------------+-------------+--------------+
; Compilation Hierarchy Node ; Combinational ALUTs ; Dedicated Logic Registers ; Memory Bits ; DSP Elements ; DSP 9x9 ; DSP 18x18 ; Pins ; Virtual Pins ; Full Hierarchy Name          ; Entity Name ; Library Name ;
+----------------------------+---------------------+---------------------------+-------------+--------------+---------+-----------+------+--------------+------------------------------+-------------+--------------+
; |hw                        ; 1713 (0)            ; 1054 (0)                  ; 0           ; 0            ; 0       ; 0         ; 163  ; 0            ; |hw                          ; hw          ; work         ;
;    |controller:c|          ; 29 (11)             ; 0 (0)                     ; 0           ; 0            ; 0       ; 0         ; 0    ; 0            ; |hw|controller:c             ; controller  ; work         ;
;       |aludec:ad|          ; 7 (7)               ; 0 (0)                     ; 0           ; 0            ; 0       ; 0         ; 0    ; 0            ; |hw|controller:c|aludec:ad   ; aludec      ; work         ;
;       |maindec:md|         ; 11 (11)             ; 0 (0)                     ; 0           ; 0            ; 0       ; 0         ; 0    ; 0            ; |hw|controller:c|maindec:md  ; maindec     ; work         ;
;    |datapath:dp|           ; 1684 (0)            ; 1054 (0)                  ; 0           ; 0            ; 0       ; 0         ; 0    ; 0            ; |hw|datapath:dp              ; datapath    ; work         ;
;       |adder:pcadd1|       ; 30 (30)             ; 0 (0)                     ; 0           ; 0            ; 0       ; 0         ; 0    ; 0            ; |hw|datapath:dp|adder:pcadd1 ; adder       ; work         ;
;       |adder:pcadd2|       ; 34 (34)             ; 0 (0)                     ; 0           ; 0            ; 0       ; 0         ; 0    ; 0            ; |hw|datapath:dp|adder:pcadd2 ; adder       ; work         ;
;       |alu:alu|            ; 129 (129)           ; 0 (0)                     ; 0           ; 0            ; 0       ; 0         ; 0    ; 0            ; |hw|datapath:dp|alu:alu      ; alu         ; work         ;
;       |flopr:pcreg|        ; 26 (26)             ; 30 (30)                   ; 0           ; 0            ; 0       ; 0         ; 0    ; 0            ; |hw|datapath:dp|flopr:pcreg  ; flopr       ; work         ;
;       |mux2:resmux|        ; 32 (32)             ; 0 (0)                     ; 0           ; 0            ; 0       ; 0         ; 0    ; 0            ; |hw|datapath:dp|mux2:resmux  ; mux2        ; work         ;
;       |mux2:srcbmux|       ; 32 (32)             ; 0 (0)                     ; 0           ; 0            ; 0       ; 0         ; 0    ; 0            ; |hw|datapath:dp|mux2:srcbmux ; mux2        ; work         ;
;       |mux2:wrmux|         ; 5 (5)               ; 0 (0)                     ; 0           ; 0            ; 0       ; 0         ; 0    ; 0            ; |hw|datapath:dp|mux2:wrmux   ; mux2        ; work         ;
;       |regfile:rf|         ; 1396 (1396)         ; 1024 (1024)               ; 0           ; 0            ; 0       ; 0         ; 0    ; 0            ; |hw|datapath:dp|regfile:rf   ; regfile     ; work         ;
+----------------------------+---------------------+---------------------------+-------------+--------------+---------+-----------+------+--------------+------------------------------+-------------+--------------+
Note: For table entries with two numbers listed, the numbers in parentheses indicate the number of resources of the given type used by the specific entity alone. The numbers listed outside of parentheses indicate the total resources of the given type used by the specific entity and all of its sub-entities in the hierarchy.


+----------------------------------------------------------------------------------+
; Registers Removed During Synthesis                                               ;
+---------------------------------------+------------------------------------------+
; Register name                         ; Reason for Removal                       ;
+---------------------------------------+------------------------------------------+
; datapath:dp|flopr:pcreg|q[1]          ; Merged with datapath:dp|flopr:pcreg|q[0] ;
; datapath:dp|flopr:pcreg|q[0]          ; Stuck at GND due to stuck port data_in   ;
; Total Number of Removed Registers = 2 ;                                          ;
+---------------------------------------+------------------------------------------+


+------------------------------------------------------+
; General Register Statistics                          ;
+----------------------------------------------+-------+
; Statistic                                    ; Value ;
+----------------------------------------------+-------+
; Total registers                              ; 1054  ;
; Number of registers using Synchronous Clear  ; 0     ;
; Number of registers using Synchronous Load   ; 26    ;
; Number of registers using Asynchronous Clear ; 30    ;
; Number of registers using Asynchronous Load  ; 0     ;
; Number of registers using Clock Enable       ; 1024  ;
; Number of registers using Preset             ; 0     ;
+----------------------------------------------+-------+


+------------------------------------------------------------------------------------------------------------------------------------------------+
; Multiplexer Restructuring Statistics (Restructuring Performed)                                                                                 ;
+--------------------+-----------+---------------+----------------------+------------------------+------------+----------------------------------+
; Multiplexer Inputs ; Bus Width ; Baseline Area ; Area if Restructured ; Saving if Restructured ; Registered ; Example Multiplexer Output       ;
+--------------------+-----------+---------------+----------------------+------------------------+------------+----------------------------------+
; 3:1                ; 26 bits   ; 52 LEs        ; 52 LEs               ; 0 LEs                  ; Yes        ; |hw|datapath:dp|flopr:pcreg|q[4] ;
; 4:1                ; 31 bits   ; 62 LEs        ; 62 LEs               ; 0 LEs                  ; No         ; |hw|datapath:dp|alu:alu|Mux11    ;
+--------------------+-----------+---------------+----------------------+------------------------+------------+----------------------------------+


+----------------------------------------------------------------------+
; Parameter Settings for User Entity Instance: datapath:dp|flopr:pcreg ;
+----------------+-------+---------------------------------------------+
; Parameter Name ; Value ; Type                                        ;
+----------------+-------+---------------------------------------------+
; WIDTH          ; 32    ; Signed Integer                              ;
+----------------+-------+---------------------------------------------+
Note: In order to hide this table in the UI and the text report file, please set the "Show Parameter Settings in Synthesis Report" option in "Analysis and Synthesis Settings -> More Settings" to "Off".


+-----------------------------------------------------------------------+
; Parameter Settings for User Entity Instance: datapath:dp|mux2:pcbrmux ;
+----------------+-------+----------------------------------------------+
; Parameter Name ; Value ; Type                                         ;
+----------------+-------+----------------------------------------------+
; WIDTH          ; 32    ; Signed Integer                               ;
+----------------+-------+----------------------------------------------+
Note: In order to hide this table in the UI and the text report file, please set the "Show Parameter Settings in Synthesis Report" option in "Analysis and Synthesis Settings -> More Settings" to "Off".


+---------------------------------------------------------------------+
; Parameter Settings for User Entity Instance: datapath:dp|mux2:pcmux ;
+----------------+-------+--------------------------------------------+
; Parameter Name ; Value ; Type                                       ;
+----------------+-------+--------------------------------------------+
; WIDTH          ; 32    ; Signed Integer                             ;
+----------------+-------+--------------------------------------------+
Note: In order to hide this table in the UI and the text report file, please set the "Show Parameter Settings in Synthesis Report" option in "Analysis and Synthesis Settings -> More Settings" to "Off".


+---------------------------------------------------------------------+
; Parameter Settings for User Entity Instance: datapath:dp|mux2:wrmux ;
+----------------+-------+--------------------------------------------+
; Parameter Name ; Value ; Type                                       ;
+----------------+-------+--------------------------------------------+
; WIDTH          ; 5     ; Signed Integer                             ;
+----------------+-------+--------------------------------------------+
Note: In order to hide this table in the UI and the text report file, please set the "Show Parameter Settings in Synthesis Report" option in "Analysis and Synthesis Settings -> More Settings" to "Off".


+----------------------------------------------------------------------+
; Parameter Settings for User Entity Instance: datapath:dp|mux2:resmux ;
+----------------+-------+---------------------------------------------+
; Parameter Name ; Value ; Type                                        ;
+----------------+-------+---------------------------------------------+
; WIDTH          ; 32    ; Signed Integer                              ;
+----------------+-------+---------------------------------------------+
Note: In order to hide this table in the UI and the text report file, please set the "Show Parameter Settings in Synthesis Report" option in "Analysis and Synthesis Settings -> More Settings" to "Off".


+-----------------------------------------------------------------------+
; Parameter Settings for User Entity Instance: datapath:dp|mux2:srcbmux ;
+----------------+-------+----------------------------------------------+
; Parameter Name ; Value ; Type                                         ;
+----------------+-------+----------------------------------------------+
; WIDTH          ; 32    ; Signed Integer                               ;
+----------------+-------+----------------------------------------------+
Note: In order to hide this table in the UI and the text report file, please set the "Show Parameter Settings in Synthesis Report" option in "Analysis and Synthesis Settings -> More Settings" to "Off".


+----------------------------------------------------+
; Port Connectivity Checks: "datapath:dp|mux2:pcmux" ;
+----------+-------+----------+----------------------+
; Port     ; Type  ; Severity ; Details              ;
+----------+-------+----------+----------------------+
; d1[1..0] ; Input ; Info     ; Stuck at GND         ;
+----------+-------+----------+----------------------+


+------------------------------------------------------+
; Port Connectivity Checks: "datapath:dp|adder:pcadd1" ;
+----------+-------+----------+------------------------+
; Port     ; Type  ; Severity ; Details                ;
+----------+-------+----------+------------------------+
; b[31..3] ; Input ; Info     ; Stuck at GND           ;
; b[1..0]  ; Input ; Info     ; Stuck at GND           ;
; b[2]     ; Input ; Info     ; Stuck at VCC           ;
+----------+-------+----------+------------------------+


+-----------------------------------------------------+
; Post-Synthesis Netlist Statistics for Top Partition ;
+-----------------------+-----------------------------+
; Type                  ; Count                       ;
+-----------------------+-----------------------------+
; boundary_port         ; 163                         ;
; cycloneiii_ff         ; 1054                        ;
;     CLR               ; 4                           ;
;     CLR SLD           ; 26                          ;
;     ENA               ; 1024                        ;
; cycloneiii_lcell_comb ; 1714                        ;
;     arith             ; 90                          ;
;         2 data inputs ; 30                          ;
;         3 data inputs ; 60                          ;
;     normal            ; 1624                        ;
;         0 data inputs ; 1                           ;
;         1 data inputs ; 1                           ;
;         2 data inputs ; 36                          ;
;         3 data inputs ; 104                         ;
;         4 data inputs ; 1482                        ;
;                       ;                             ;
; Max LUT depth         ; 15.60                       ;
; Average LUT depth     ; 11.92                       ;
+-----------------------+-----------------------------+


+-------------------------------+
; Elapsed Time Per Partition    ;
+----------------+--------------+
; Partition Name ; Elapsed Time ;
+----------------+--------------+
; Top            ; 00:00:05     ;
+----------------+--------------+


+-------------------------------+
; Analysis & Synthesis Messages ;
+-------------------------------+
Info: *******************************************************************
Info: Running Quartus Prime Analysis & Synthesis
    Info: Version 18.1.0 Build 625 09/12/2018 SJ Lite Edition
    Info: Processing started: Sun May 03 23:23:25 2020
Info: Command: quartus_map --read_settings_files=on --write_settings_files=off synthesis -c synthesis
Warning (18236): Number of processors has not been specified which may cause overloading on shared machines.  Set the global assignment NUM_PARALLEL_PROCESSORS in your QSF to an appropriate value for best performance.
Info (20030): Parallel compilation is enabled and will use 2 of the 2 processors detected
Info (12021): Found 16 design units, including 16 entities, in source file modelsim/hw.sv
    Info (12023): Found entity 1: testbench File: C:/DDCA/ch4/synthesis/modelsim/hw.sv Line: 5
    Info (12023): Found entity 2: top File: C:/DDCA/ch4/synthesis/modelsim/hw.sv Line: 43
    Info (12023): Found entity 3: dmem File: C:/DDCA/ch4/synthesis/modelsim/hw.sv Line: 56
    Info (12023): Found entity 4: imem File: C:/DDCA/ch4/synthesis/modelsim/hw.sv Line: 68
    Info (12023): Found entity 5: hw File: C:/DDCA/ch4/synthesis/modelsim/hw.sv Line: 79
    Info (12023): Found entity 6: controller File: C:/DDCA/ch4/synthesis/modelsim/hw.sv Line: 101
    Info (12023): Found entity 7: maindec File: C:/DDCA/ch4/synthesis/modelsim/hw.sv Line: 119
    Info (12023): Found entity 8: aludec File: C:/DDCA/ch4/synthesis/modelsim/hw.sv Line: 143
    Info (12023): Found entity 9: datapath File: C:/DDCA/ch4/synthesis/modelsim/hw.sv Line: 162
    Info (12023): Found entity 10: regfile File: C:/DDCA/ch4/synthesis/modelsim/hw.sv Line: 201
    Info (12023): Found entity 11: adder File: C:/DDCA/ch4/synthesis/modelsim/hw.sv Line: 223
    Info (12023): Found entity 12: sl2 File: C:/DDCA/ch4/synthesis/modelsim/hw.sv Line: 229
    Info (12023): Found entity 13: signext File: C:/DDCA/ch4/synthesis/modelsim/hw.sv Line: 236
    Info (12023): Found entity 14: flopr File: C:/DDCA/ch4/synthesis/modelsim/hw.sv Line: 242
    Info (12023): Found entity 15: mux2 File: C:/DDCA/ch4/synthesis/modelsim/hw.sv Line: 252
    Info (12023): Found entity 16: alu File: C:/DDCA/ch4/synthesis/modelsim/hw.sv Line: 260
Info (12127): Elaborating entity "hw" for the top level hierarchy
Info (12128): Elaborating entity "controller" for hierarchy "controller:c" File: C:/DDCA/ch4/synthesis/modelsim/hw.sv Line: 93
Info (12128): Elaborating entity "maindec" for hierarchy "controller:c|maindec:md" File: C:/DDCA/ch4/synthesis/modelsim/hw.sv Line: 113
Info (12128): Elaborating entity "aludec" for hierarchy "controller:c|aludec:ad" File: C:/DDCA/ch4/synthesis/modelsim/hw.sv Line: 114
Info (12128): Elaborating entity "datapath" for hierarchy "datapath:dp" File: C:/DDCA/ch4/synthesis/modelsim/hw.sv Line: 98
Info (12128): Elaborating entity "flopr" for hierarchy "datapath:dp|flopr:pcreg" File: C:/DDCA/ch4/synthesis/modelsim/hw.sv Line: 180
Info (12128): Elaborating entity "adder" for hierarchy "datapath:dp|adder:pcadd1" File: C:/DDCA/ch4/synthesis/modelsim/hw.sv Line: 181
Info (12128): Elaborating entity "sl2" for hierarchy "datapath:dp|sl2:immsh" File: C:/DDCA/ch4/synthesis/modelsim/hw.sv Line: 182
Info (12128): Elaborating entity "mux2" for hierarchy "datapath:dp|mux2:pcbrmux" File: C:/DDCA/ch4/synthesis/modelsim/hw.sv Line: 184
Info (12128): Elaborating entity "regfile" for hierarchy "datapath:dp|regfile:rf" File: C:/DDCA/ch4/synthesis/modelsim/hw.sv Line: 190
Info (12128): Elaborating entity "mux2" for hierarchy "datapath:dp|mux2:wrmux" File: C:/DDCA/ch4/synthesis/modelsim/hw.sv Line: 192
Info (12128): Elaborating entity "signext" for hierarchy "datapath:dp|signext:se" File: C:/DDCA/ch4/synthesis/modelsim/hw.sv Line: 194
Info (12128): Elaborating entity "alu" for hierarchy "datapath:dp|alu:alu" File: C:/DDCA/ch4/synthesis/modelsim/hw.sv Line: 198
Info (276014): Found 1 instances of uninferred RAM logic
    Info (276007): RAM logic "datapath:dp|regfile:rf|rf" is uninferred due to asynchronous read logic File: C:/DDCA/ch4/synthesis/modelsim/hw.sv Line: 207
Warning (13024): Output pins are stuck at VCC or GND
    Warning (13410): Pin "pc[0]" is stuck at GND File: C:/DDCA/ch4/synthesis/modelsim/hw.sv Line: 80
    Warning (13410): Pin "pc[1]" is stuck at GND File: C:/DDCA/ch4/synthesis/modelsim/hw.sv Line: 80
Info (286030): Timing-Driven Synthesis is running
Info (16010): Generating hard_block partition "hard_block:auto_generated_inst"
    Info (16011): Adding 0 node(s), including 0 DDIO, 0 PLL, 0 transceiver and 0 LCELL
Info (21057): Implemented 2900 device resources after synthesis - the final resource count might be different
    Info (21058): Implemented 66 input pins
    Info (21059): Implemented 97 output pins
    Info (21061): Implemented 2737 logic cells
Info: Quartus Prime Analysis & Synthesis was successful. 0 errors, 4 warnings
    Info: Peak virtual memory: 4759 megabytes
    Info: Processing ended: Sun May 03 23:23:54 2020
    Info: Elapsed time: 00:00:29
    Info: Total CPU time (on all processors): 00:00:46


